HTTP Status Code: 200
File successfully read: /Users/keyinstudent/Documents/FullStack/qap2:3/bonusquestions/views/home.html
HTTP Status Code: 200
File successfully read: /Users/keyinstudent/Documents/FullStack/qap2:3/bonusquestions/views/about.html
HTTP Status Code: 200
File successfully read: /Users/keyinstudent/Documents/FullStack/qap2:3/bonusquestions/views/subscribe.html
Contact page accessed
HTTP Status Code: 200
File successfully read: /Users/keyinstudent/Documents/FullStack/qap2:3/bonusquestions/views/contact.html
HTTP Status Code: 200
File successfully read: /Users/keyinstudent/Documents/FullStack/qap2:3/bonusquestions/views/home.html
HTTP Status Code: 404
File not found: /rabbits
File not found: /home
HTTP Status Code: 404
HTTP Status Code: 404
File not found: /home
HTTP Status Code: 200
File successfully read: /Users/keyinstudent/Documents/FullStack/qap2:3/bonusquestions/views/subscribe.html
HTTP Status Code: 200
File successfully read: /Users/keyinstudent/Documents/FullStack/qap2:3/bonusquestions/views/subscribe.html
HTTP Status Code: 200
File successfully read: /Users/keyinstudent/Documents/FullStack/qap2:3/bonusquestions/views/subscribe.html
HTTP Status Code: 200
File successfully read: /Users/keyinstudent/Documents/FullStack/qap2:3/bonusquestions/views/subscribe.html
HTTP Status Code: 200
File successfully read: /Users/keyinstudent/Documents/FullStack/qap2:3/bonusquestions/views/subscribe.html
HTTP Status Code: 200
File successfully read: /Users/keyinstudent/Documents/FullStack/qap2:3/bonusquestions/views/subscribe.html
HTTP Status Code: 200
File successfully read: /Users/keyinstudent/Documents/FullStack/qap2:3/bonusquestions/views/subscribe.html
HTTP Status Code: 200
File successfully read: /Users/keyinstudent/Documents/FullStack/qap2:3/bonusquestions/views/home.html
HTTP Status Code: 200
File successfully read: /Users/keyinstudent/Documents/FullStack/qap2:3/bonusquestions/views/subscribe.html
